#
# There is insufficient memory for the Java Runtime Environment to continue.
# Native memory allocation (malloc) failed to allocate 1048576 bytes for AllocateHeap
# Possible reasons:
#   The system is out of physical RAM or swap space
#   The process is running with CompressedOops enabled, and the Java Heap may be blocking the growth of the native heap
# Possible solutions:
#   Reduce memory load on the system
#   Increase physical memory or swap space
#   Check if swap backing store is full
#   Decrease Java heap size (-Xmx/-Xms)
#   Decrease number of Java threads
#   Decrease Java thread stack sizes (-Xss)
#   Set larger code cache with -XX:ReservedCodeCacheSize=
#   JVM is running with Unscaled Compressed Oops mode in which the Java heap is
#     placed in the first 4GB address space. The Java Heap base address is the
#     maximum limit for the native heap growth. Please use -XX:HeapBaseMinAddress
#     to set the Java Heap base and to place the Java Heap above 4GB virtual address.
# This output file may be truncated or incomplete.
#
#  Out of Memory Error (memory/allocation.inline.hpp:61), pid=1280, tid=0x0000000000004eb0
#
# JRE version:  (8.0_201-b09) (build )
# Java VM: Java HotSpot(TM) 64-Bit Server VM (25.201-b09 mixed mode windows-amd64 compressed oops)
# Failed to write core dump. Minidumps are not enabled by default on client versions of Windows
#

---------------  T H R E A D  ---------------

Current thread (0x000000000370d800):  JavaThread "Unknown thread" [_thread_in_vm, id=20144, stack(0x0000000003040000,0x0000000003140000)]

Stack: [0x0000000003040000,0x0000000003140000]
[error occurred during error reporting (printing stack bounds), id 0xc0000005]

Native frames: (J=compiled Java code, j=interpreted, Vv=VM code, C=native code)


---------------  P R O C E S S  ---------------

Java Threads: ( => current thread )

Other Threads:

=>0x000000000370d800 (exited) JavaThread "Unknown thread" [_thread_in_vm, id=20144, stack(0x0000000003040000,0x0000000003140000)]

VM state:not at safepoint (normal execution)

VM Mutex/Monitor currently owned by a thread: None

heap address: 0x0000000081c00000, size: 2020 MB, Compressed Oops mode: 32-bit
Narrow klass base: 0x0000000000000000, Narrow klass shift: 3
Compressed class space size: 1073741824 Address: 0x0000000100000000

Heap:
 PSYoungGen      total 38400K, used 665K [0x00000000d5f00000, 0x00000000d8980000, 0x0000000100000000)
  eden space 33280K, 2% used [0x00000000d5f00000,0x00000000d5fa6670,0x00000000d7f80000)
  from space 5120K, 0% used [0x00000000d8480000,0x00000000d8480000,0x00000000d8980000)
  to   space 5120K, 0% used [0x00000000d7f80000,0x00000000d7f80000,0x00000000d8480000)
 ParOldGen       total 87552K, used 0K [0x0000000081c00000, 0x0000000087180000, 0x00000000d5f00000)
  object space 87552K, 0% used [0x0000000081c00000,0x0000000081c00000,0x0000000087180000)
 Metaspace       used 751K, capacity 4480K, committed 4480K, reserved 1056768K
  class space    used 76K, capacity 384K, committed 384K, reserved 1048576K

Card table byte_map: [0x0000000012ad0000,0x0000000012ed0000] byte_map_base: 0x00000000126c2000

Marking Bits: (ParMarkBitMap*) 0x00000000554d4ce0
 Begin Bits: [0x0000000013980000, 0x0000000015910000)
 End Bits:   [0x0000000015910000, 0x00000000178a0000)

Polling page: 0x0000000001350000

CodeCache: size=245760Kb used=328Kb max_used=328Kb free=245431Kb
 bounds [0x0000000003710000, 0x0000000003980000, 0x0000000012710000]
 total_blobs=58 nmethods=0 adapters=38
 compilation: enabled

Compilation events (0 events):
No events

GC Heap History (0 events):
No events

Deoptimization events (0 events):
No events

Classes redefined (0 events):
No events

Internal exceptions (0 events):
No events

Events (10 events):
Event: 0.035 loading class java/lang/Short
Event: 0.035 loading class java/lang/Short done
Event: 0.035 loading class java/lang/Integer
Event: 0.035 loading class java/lang/Integer done
Event: 0.035 loading class java/lang/Long
Event: 0.035 loading class java/lang/Long done
Event: 0.036 loading class java/lang/NullPointerException
Event: 0.036 loading class java/lang/NullPointerException done
Event: 0.036 loading class java/lang/ArithmeticException
Event: 0.036 loading class java/lang/ArithmeticException done


Dynamic libraries:
0x00007ff6d6790000 - 0x00007ff6d67c7000 	C:\Program Files\Java\jre1.8.0_201\bin\javaw.exe
0x00007ffbf0180000 - 0x00007ffbf0370000 	C:\WINDOWS\SYSTEM32\ntdll.dll
0x00007ffbeeb30000 - 0x00007ffbeebe2000 	C:\WINDOWS\System32\KERNEL32.DLL
0x00007ffbeded0000 - 0x00007ffbee173000 	C:\WINDOWS\System32\KERNELBASE.dll
0x00007ffbeea80000 - 0x00007ffbeeb23000 	C:\WINDOWS\System32\ADVAPI32.dll
0x00007ffbee9e0000 - 0x00007ffbeea7e000 	C:\WINDOWS\System32\msvcrt.dll
0x00007ffbefe20000 - 0x00007ffbefeb7000 	C:\WINDOWS\System32\sechost.dll
0x00007ffbeebf0000 - 0x00007ffbeed10000 	C:\WINDOWS\System32\RPCRT4.dll
0x00007ffbef410000 - 0x00007ffbef5a4000 	C:\WINDOWS\System32\USER32.dll
0x00007ffbee200000 - 0x00007ffbee221000 	C:\WINDOWS\System32\win32u.dll
0x00007ffbf00a0000 - 0x00007ffbf00c6000 	C:\WINDOWS\System32\GDI32.dll
0x00007ffbed9b0000 - 0x00007ffbedb44000 	C:\WINDOWS\System32\gdi32full.dll
0x00007ffbed910000 - 0x00007ffbed9ae000 	C:\WINDOWS\System32\msvcp_win.dll
0x00007ffbedda0000 - 0x00007ffbede9a000 	C:\WINDOWS\System32\ucrtbase.dll
0x00007ffbec7f0000 - 0x00007ffbeca75000 	C:\WINDOWS\WinSxS\amd64_microsoft.windows.common-controls_6595b64144ccf1df_6.0.18362.476_none_e6c4b11b130f2595\COMCTL32.dll
0x00007ffbee6a0000 - 0x00007ffbee9d6000 	C:\WINDOWS\System32\combase.dll
0x00007ffbed110000 - 0x00007ffbed190000 	C:\WINDOWS\System32\bcryptPrimitives.dll
0x00007ffbefdf0000 - 0x00007ffbefe1e000 	C:\WINDOWS\System32\IMM32.DLL
0x0000000054ad0000 - 0x0000000054ba1000 	C:\Program Files\Java\jre1.8.0_201\bin\msvcr100.dll
0x0000000054cb0000 - 0x0000000055554000 	C:\Program Files\Java\jre1.8.0_201\bin\server\jvm.dll
0x00007ffbefde0000 - 0x00007ffbefde8000 	C:\WINDOWS\System32\PSAPI.DLL
0x00007ffbd9940000 - 0x00007ffbd9949000 	C:\WINDOWS\SYSTEM32\WSOCK32.dll
0x00007ffbe9010000 - 0x00007ffbe9034000 	C:\WINDOWS\SYSTEM32\WINMM.dll
0x00007ffbefca0000 - 0x00007ffbefd0f000 	C:\WINDOWS\System32\WS2_32.dll
0x00007ffbe7cc0000 - 0x00007ffbe7cca000 	C:\WINDOWS\SYSTEM32\VERSION.dll
0x00007ffbe8fe0000 - 0x00007ffbe900d000 	C:\WINDOWS\SYSTEM32\WINMMBASE.dll
0x00007ffbedca0000 - 0x00007ffbedcea000 	C:\WINDOWS\System32\cfgmgr32.dll
0x00007ffbe3760000 - 0x00007ffbe376f000 	C:\Program Files\Java\jre1.8.0_201\bin\verify.dll
0x00007ffbd5860000 - 0x00007ffbd5889000 	C:\Program Files\Java\jre1.8.0_201\bin\java.dll
0x00007ffbdcfb0000 - 0x00007ffbdcfc6000 	C:\Program Files\Java\jre1.8.0_201\bin\zip.dll

VM Arguments:
jvm_args: -Dfile.encoding=MS949 
java_command: 자바프로젝트.Main
java_class_path (initial): C:\Users\user\Desktop\이동국의 자바 프로젝트\Start\bin
Launcher Type: SUN_STANDARD

Environment Variables:
PATH=C:/Program Files/Java/jre1.8.0_201/bin/server;C:/Program Files/Java/jre1.8.0_201/bin;C:/Program Files/Java/jre1.8.0_201/lib/amd64;C:\Program Files (x86)\Common Files\Oracle\Java\javapath;C:\WINDOWS\system32;C:\WINDOWS;C:\WINDOWS\System32\Wbem;C:\WINDOWS\System32\WindowsPowerShell\v1.0\;C:\Program Files\Intel\WiFi\bin\;C:\Program Files\Common Files\Intel\WirelessCommon\;C:\WINDOWS\System32\OpenSSH\;C:\Program Files\dotnet\;C:\Program Files\Microsoft SQL Server\130\Tools\Binn\;C:\Program Files\nodejs\;C:\Users\user\AppData\Local\Microsoft\WindowsApps;C:\Program Files\Intel\WiFi\bin\;C:\Program Files\Common Files\Intel\WirelessCommon\;C:\Users\user\AppData\Roaming\npm;;C:\Program Files (x86)\ESTsoft\ALSee\x64;C:\WINDOWS\System32;
USERNAME=user
OS=Windows_NT
PROCESSOR_IDENTIFIER=Intel64 Family 6 Model 158 Stepping 9, GenuineIntel



---------------  S Y S T E M  ---------------

OS: Windows 10.0 , 64 bit Build 18362 (10.0.18362.329)

CPU:total 8 (initial active 8) (4 cores per cpu, 2 threads per core) family 6 model 158 stepping 9, cmov, cx8, fxsr, mmx, sse, sse2, sse3, ssse3, sse4.1, sse4.2, popcnt, avx, avx2, aes, clmul, erms, 3dnowpref, lzcnt, ht, tsc, tscinvbit, bmi1, bmi2, adx

Memory: 4k page, physical 8270668k(1347604k free), swap 23700072k(5004k free)

vm_info: Java HotSpot(TM) 64-Bit Server VM (25.201-b09) for windows-amd64 JRE (1.8.0_201-b09), built on Dec 15 2018 18:36:39 by "java_re" with MS VC++ 10.0 (VS2010)

time: Mon Dec 02 02:34:55 2019
timezone: 대한민국 표준시
elapsed time: 0 seconds (0d 0h 0m 0s)

